<?xml version="1.0" encoding="UTF-8" ?>
<testsuite tests="8" failures="2" name="cucumber.options.TestRunner" time="274.815" errors="0" skipped="0">
  <properties>
[...]
</properties>
  <testcase classname="Validate HomeLoanRepayment Calculator" name="Verify HomeLoan Repayment Calculator attribute Validation" time="39.347"/>
  <testcase classname="Validate HomeLoanRepayment Calculator" name="Verify HomeLoan Repayment Calculator attribute Validation" time="35.722"/>
  <testcase classname="Validate HomeLoanRepayment Calculator" name="Verify HomeLoan Repayment Calculator attribute Validation" time="35.259"/>
  <testcase classname="Validate HomeLoanRepayment Calculator" name="Verify HomeLoan Repayment Calculator attribute Validation" time="36.116"/>
  <testcase classname="Validate HomeLoanRepayment Calculator" name="Verify HomeLoan Repayment Calculator attribute Validation" time="35.051"/>
  <testcase classname="Validate HomeLoanRepayment Calculator" name="Verify HomeLoan Repayment Calculator attribute Validation" time="36.999"/>
  <testcase classname="Validate HomeLoanRepayment Calculator" name="Verify HomeLoan Repayment Calculator attribute Validation" time="28.414">
    <failure message="Valid repaymentType expected:&lt;true&gt; but was:&lt;false&gt;" type="java.lang.AssertionError">java.lang.AssertionError: Valid repaymentType expected:&lt;true&gt; but was:&lt;false&gt;
	at org.junit.Assert.fail(Assert.java:88)
	at org.junit.Assert.failNotEquals(Assert.java:743)
	at org.junit.Assert.assertEquals(Assert.java:118)
	at stepDefinition.ValidateHomeLoanRepayment.user_entered_and_clicked_on_calculate(ValidateHomeLoanRepayment.java:76)
	at ✽.User Entered   20000,5,Interest only 3 year,4.04% p.a. 5 Year Fixed Rate Home Loan and clicked on Calculate(file:src/test/java/features/HomeLoanRepayment.feature:7)
</failure>
    <system-out>
  @HomeLoan
  Scenario Outline: Verify HomeLoan Repayment Calculator attribute Validation                                        &amp;#27;[90m# src/test/java/features/HomeLoanRepayment.feature:20&amp;#27;[0m
ScreenShot Taken
    &amp;#27;[32mGiven &amp;#27;[0m&amp;#27;[32mUser Launched &amp;#27;[0m&amp;#27;[32m&amp;#27;[1m&quot;https://www.commbank.com.au&quot;&amp;#27;[0m                                                                &amp;#27;[90m# ValidateHomeLoanRepayment.user_launched_something(String)&amp;#27;[0m
ScreenShot Taken
ScreenShot Taken
    &amp;#27;[32mAnd &amp;#27;[0m&amp;#27;[32mNavigate to Home Loan Repayment Calculator&amp;#27;[0m                                                                   &amp;#27;[90m# ValidateHomeLoanRepayment.navigated_to_home_loan_repayment_calculator()&amp;#27;[0m
    &amp;#27;[31mWhen &amp;#27;[0m&amp;#27;[31mUser Entered   &amp;#27;[0m&amp;#27;[31m&amp;#27;[1m20000&amp;#27;[0m&amp;#27;[31m,&amp;#27;[0m&amp;#27;[31m&amp;#27;[1m5&amp;#27;[0m&amp;#27;[31m,&amp;#27;[0m&amp;#27;[31m&amp;#27;[1mInterest only 3 year&amp;#27;[0m&amp;#27;[31m,&amp;#27;[0m&amp;#27;[31m&amp;#27;[1m4.04% p.a. 5 Year Fixed Rate Home Loan &amp;#27;[0m&amp;#27;[31mand clicked on Calculate&amp;#27;[0m &amp;#27;[90m# ValidateHomeLoanRepayment.user_entered_and_clicked_on_calculate(String,String,String,String)&amp;#27;[0m
      &amp;#27;[31mjava.lang.AssertionError: Valid repaymentType expected:&lt;true&gt; but was:&lt;false&gt;
	at org.junit.Assert.fail(Assert.java:88)
	at org.junit.Assert.failNotEquals(Assert.java:743)
	at org.junit.Assert.assertEquals(Assert.java:118)
	at stepDefinition.ValidateHomeLoanRepayment.user_entered_and_clicked_on_calculate(ValidateHomeLoanRepayment.java:76)
	at ?.User Entered   20000,5,Interest only 3 year,4.04% p.a. 5 Year Fixed Rate Home Loan and clicked on Calculate(file:src/test/java/features/HomeLoanRepayment.feature:7)
&amp;#27;[0m
    &amp;#27;[36mThen &amp;#27;[0m&amp;#27;[36mVerify Total Loan Repayment and Total Interest charged&amp;#27;[0m                                                      &amp;#27;[90m# ValidateHomeLoanRepayment.total_loan_repayment_and_total_interest_charged()&amp;#27;[0m
</system-out>
    <system-err>1631712576239	geckodriver	INFO	Listening on 127.0.0.1:30360
1631712576754	mozrunner::runner	INFO	Running command: &quot;C:\\Program Files\\Mozilla Firefox\\firefox.exe&quot; &quot;--marionette&quot; &quot;-foreground&quot; &quot;-no-remote&quot; &quot;-profile&quot; &quot;C:\\Users\\maarthis\\AppData\\Local\\Temp\\rust_mozprofileFnMY6Q&quot;
1631712577547	Marionette	INFO	Marionette enabled
console.warn: SearchSettings: &quot;get: No settings file exists, new profile?&quot; (new NotFoundError(&quot;Could not open the file at C:\\Users\\maarthis\\AppData\\Local\\Temp\\rust_mozprofileFnMY6Q\\search.json.mozlz4&quot;, (void 0)))
1631712583001	Marionette	INFO	Listening on port 54435
1631712583265	RemoteAgent	WARN	TLS certificate errors will be ignored for this session
Sep 15, 2021 6:59:43 PM org.openqa.selenium.remote.ProtocolHandshake createSession
INFO: Detected dialect: W3C
JavaScript warning: https://www.commbank.com.au/etc/cloudservices/testandtarget/cba-target-3/_jcr_content/public/at.js, line 8: WEBGL_debug_renderer_info is deprecated in Firefox and will be removed. Please use RENDERER.
JavaScript warning: https://www.commbank.com.au/digital/home-buying/Scripts/jquery.min.js, line 2: Using //@ to indicate sourceMappingURL pragmas is deprecated. Use //# instead
JavaScript warning: https://www.my.commbank.com.au/CDN/Netbank/js/mbox.js, line 1: WEBGL_debug_renderer_info is deprecated in Firefox and will be removed. Please use RENDERER.
1631712599956	Marionette	INFO	Stopped listening on port 54435
JavaScript error: resource:///modules/Interactions.jsm, line 230: NS_ERROR_FAILURE: Component returned failure code: 0x80004005 (NS_ERROR_FAILURE) [nsIUserIdleService.removeIdleObserver]

###!!! [Parent][MessageChannel] Error: (msgtype=0x390077,name=PContent::Msg_DestroyBrowsingContextGroup) Closed channel: cannot send/recv


###!!! [Child][MessageChannel] Error: (msgtype=0x590008,name=PHttpChannel::Msg_DeletingChannel) Channel closing: too late to send/recv, messages will be lost


###!!! [Child][MessageChannel] Error: (msgtype=0x590007,name=PHttpChannel::Msg_RemoveCorsPreflightCacheEntry) Channel closing: too late to send/recv, messages will be lost


###!!! [Child][MessageChannel] Error: (msgtype=0x590008,name=PHttpChannel::Msg_DeletingChannel) Channel closing: too late to send/recv, messages will be lost

JavaScript error: https://www.my.commbank.com.au/CDN/Netbank/js/s_code.js, line 1: NS_ERROR_NOT_INITIALIZED: 

###!!! [Child][MessageChannel] Error: (msgtype=0x590008,name=PHttpChannel::Msg_DeletingChannel) Channel closing: too late to send/recv, messages will be lost


###!!! [Child][MessageChannel] Error: (msgtype=0x390142,name=PContent::Msg_ScriptError) Channel closing: too late to send/recv, messages will be lost


###!!! [Child][MessageChannel] Error: (msgtype=0x390142,name=PContent::Msg_ScriptError) Channel closing: too late to send/recv, messages will be lost


###!!! [Child][RunMessage] Error: Channel closing: too late to send/recv, messages will be lost

</system-err>
  </testcase>
  <testcase classname="Validate HomeLoanRepayment Calculator" name="Verify HomeLoan Repayment Calculator attribute Validation" time="27.907">
    <failure message="Valid Interest Rate expected:&lt;true&gt; but was:&lt;false&gt;" type="java.lang.AssertionError">java.lang.AssertionError: Valid Interest Rate expected:&lt;true&gt; but was:&lt;false&gt;
	at org.junit.Assert.fail(Assert.java:88)
	at org.junit.Assert.failNotEquals(Assert.java:743)
	at org.junit.Assert.assertEquals(Assert.java:118)
	at stepDefinition.ValidateHomeLoanRepayment.user_entered_and_clicked_on_calculate(ValidateHomeLoanRepayment.java:86)
	at ✽.User Entered   20000,5,Interest only 3 years,4.04% p.a. 5 Year Fixd Rate Home Loan and clicked on Calculate(file:src/test/java/features/HomeLoanRepayment.feature:7)
</failure>
    <system-out>
  @HomeLoan
  Scenario Outline: Verify HomeLoan Repayment Calculator attribute Validation                                        &amp;#27;[90m# src/test/java/features/HomeLoanRepayment.feature:21&amp;#27;[0m
ScreenShot Taken
    &amp;#27;[32mGiven &amp;#27;[0m&amp;#27;[32mUser Launched &amp;#27;[0m&amp;#27;[32m&amp;#27;[1m&quot;https://www.commbank.com.au&quot;&amp;#27;[0m                                                                &amp;#27;[90m# ValidateHomeLoanRepayment.user_launched_something(String)&amp;#27;[0m
ScreenShot Taken
ScreenShot Taken
    &amp;#27;[32mAnd &amp;#27;[0m&amp;#27;[32mNavigate to Home Loan Repayment Calculator&amp;#27;[0m                                                                   &amp;#27;[90m# ValidateHomeLoanRepayment.navigated_to_home_loan_repayment_calculator()&amp;#27;[0m
    &amp;#27;[31mWhen &amp;#27;[0m&amp;#27;[31mUser Entered   &amp;#27;[0m&amp;#27;[31m&amp;#27;[1m20000&amp;#27;[0m&amp;#27;[31m,&amp;#27;[0m&amp;#27;[31m&amp;#27;[1m5&amp;#27;[0m&amp;#27;[31m,&amp;#27;[0m&amp;#27;[31m&amp;#27;[1mInterest only 3 years&amp;#27;[0m&amp;#27;[31m,&amp;#27;[0m&amp;#27;[31m&amp;#27;[1m4.04% p.a. 5 Year Fixd Rate Home Loan &amp;#27;[0m&amp;#27;[31mand clicked on Calculate&amp;#27;[0m &amp;#27;[90m# ValidateHomeLoanRepayment.user_entered_and_clicked_on_calculate(String,String,String,String)&amp;#27;[0m
      &amp;#27;[31mjava.lang.AssertionError: Valid Interest Rate expected:&lt;true&gt; but was:&lt;false&gt;
	at org.junit.Assert.fail(Assert.java:88)
	at org.junit.Assert.failNotEquals(Assert.java:743)
	at org.junit.Assert.assertEquals(Assert.java:118)
	at stepDefinition.ValidateHomeLoanRepayment.user_entered_and_clicked_on_calculate(ValidateHomeLoanRepayment.java:86)
	at ?.User Entered   20000,5,Interest only 3 years,4.04% p.a. 5 Year Fixd Rate Home Loan and clicked on Calculate(file:src/test/java/features/HomeLoanRepayment.feature:7)
&amp;#27;[0m
    &amp;#27;[36mThen &amp;#27;[0m&amp;#27;[36mVerify Total Loan Repayment and Total Interest charged&amp;#27;[0m                                                      &amp;#27;[90m# ValidateHomeLoanRepayment.total_loan_repayment_and_total_interest_charged()&amp;#27;[0m
</system-out>
    <system-err>1631712605103	geckodriver	INFO	Listening on 127.0.0.1:23300
1631712605532	mozrunner::runner	INFO	Running command: &quot;C:\\Program Files\\Mozilla Firefox\\firefox.exe&quot; &quot;--marionette&quot; &quot;-foreground&quot; &quot;-no-remote&quot; &quot;-profile&quot; &quot;C:\\Users\\maarthis\\AppData\\Local\\Temp\\rust_mozprofilefQg8om&quot;
1631712606439	Marionette	INFO	Marionette enabled
console.warn: SearchSettings: &quot;get: No settings file exists, new profile?&quot; (new NotFoundError(&quot;Could not open the file at C:\\Users\\maarthis\\AppData\\Local\\Temp\\rust_mozprofilefQg8om\\search.json.mozlz4&quot;, (void 0)))
1631712610930	Marionette	INFO	Listening on port 62776
1631712611138	RemoteAgent	WARN	TLS certificate errors will be ignored for this session
Sep 15, 2021 7:00:11 PM org.openqa.selenium.remote.ProtocolHandshake createSession
INFO: Detected dialect: W3C
JavaScript warning: https://www.commbank.com.au/etc/cloudservices/testandtarget/cba-target-3/_jcr_content/public/at.js, line 8: WEBGL_debug_renderer_info is deprecated in Firefox and will be removed. Please use RENDERER.
JavaScript warning: https://www.commbank.com.au/digital/home-buying/Scripts/jquery.min.js, line 2: Using //@ to indicate sourceMappingURL pragmas is deprecated. Use //# instead
JavaScript warning: https://www.my.commbank.com.au/CDN/Netbank/js/mbox.js, line 1: WEBGL_debug_renderer_info is deprecated in Firefox and will be removed. Please use RENDERER.
1631712628701	Marionette	INFO	Stopped listening on port 62776
JavaScript error: resource:///modules/Interactions.jsm, line 230: NS_ERROR_FAILURE: Component returned failure code: 0x80004005 (NS_ERROR_FAILURE) [nsIUserIdleService.removeIdleObserver]
</system-err>
  </testcase>
</testsuite>